0 info it worked if it ends with ok
1 verbose cli [ '/usr/local/bin/node',
1 verbose cli   '/usr/local/bin/npm',
1 verbose cli   'run',
1 verbose cli   'build-win' ]
2 info using npm@3.10.10
3 info using node@v6.10.2
4 verbose run-script [ 'prebuild-win', 'build-win', 'postbuild-win' ]
5 info lifecycle SimpleTrader@1.2.6-RC-2~prebuild-win: SimpleTrader@1.2.6-RC-2
6 silly lifecycle SimpleTrader@1.2.6-RC-2~prebuild-win: no script for prebuild-win, continuing
7 info lifecycle SimpleTrader@1.2.6-RC-2~build-win: SimpleTrader@1.2.6-RC-2
8 verbose lifecycle SimpleTrader@1.2.6-RC-2~build-win: unsafe-perm in lifecycle true
9 verbose lifecycle SimpleTrader@1.2.6-RC-2~build-win: PATH: /usr/local/lib/node_modules/npm/bin/node-gyp-bin:/Users/bispoalves/Documents/Git/SimpleTrader/node_modules/.bin:/usr/local/bin:/usr/bin:/bin:/usr/sbin:/sbin:/apps/fantom/bin:h2*.jar:/usr/local/mysql/bin/
10 verbose lifecycle SimpleTrader@1.2.6-RC-2~build-win: CWD: /Users/bispoalves/Documents/Git/SimpleTrader
11 silly lifecycle SimpleTrader@1.2.6-RC-2~build-win: Args: [ '-c',
11 silly lifecycle   'electron-packager . SimpleTrader --platform=win32 --arch=ia32 --icon=imgs/SimpleTraderIcon.icns --prune=true --out=release-builds --version-string.CompanyName=Arkd --version-string.FileDescription=CE --version-string.ProductName=\'SimpleTrader\'' ]
12 silly lifecycle SimpleTrader@1.2.6-RC-2~build-win: Returned: code: 1  signal: null
13 info lifecycle SimpleTrader@1.2.6-RC-2~build-win: Failed to exec build-win script
14 verbose stack Error: SimpleTrader@1.2.6-RC-2 build-win: `electron-packager . SimpleTrader --platform=win32 --arch=ia32 --icon=imgs/SimpleTraderIcon.icns --prune=true --out=release-builds --version-string.CompanyName=Arkd --version-string.FileDescription=CE --version-string.ProductName='SimpleTrader'`
14 verbose stack Exit status 1
14 verbose stack     at EventEmitter.<anonymous> (/usr/local/lib/node_modules/npm/lib/utils/lifecycle.js:255:16)
14 verbose stack     at emitTwo (events.js:106:13)
14 verbose stack     at EventEmitter.emit (events.js:191:7)
14 verbose stack     at ChildProcess.<anonymous> (/usr/local/lib/node_modules/npm/lib/utils/spawn.js:40:14)
14 verbose stack     at emitTwo (events.js:106:13)
14 verbose stack     at ChildProcess.emit (events.js:191:7)
14 verbose stack     at maybeClose (internal/child_process.js:886:16)
14 verbose stack     at Process.ChildProcess._handle.onexit (internal/child_process.js:226:5)
15 verbose pkgid SimpleTrader@1.2.6-RC-2
16 verbose cwd /Users/bispoalves/Documents/Git/SimpleTrader
17 error Darwin 14.5.0
18 error argv "/usr/local/bin/node" "/usr/local/bin/npm" "run" "build-win"
19 error node v6.10.2
20 error npm  v3.10.10
21 error code ELIFECYCLE
22 error SimpleTrader@1.2.6-RC-2 build-win: `electron-packager . SimpleTrader --platform=win32 --arch=ia32 --icon=imgs/SimpleTraderIcon.icns --prune=true --out=release-builds --version-string.CompanyName=Arkd --version-string.FileDescription=CE --version-string.ProductName='SimpleTrader'`
22 error Exit status 1
23 error Failed at the SimpleTrader@1.2.6-RC-2 build-win script 'electron-packager . SimpleTrader --platform=win32 --arch=ia32 --icon=imgs/SimpleTraderIcon.icns --prune=true --out=release-builds --version-string.CompanyName=Arkd --version-string.FileDescription=CE --version-string.ProductName='SimpleTrader''.
23 error Make sure you have the latest version of node.js and npm installed.
23 error If you do, this is most likely a problem with the SimpleTrader package,
23 error not with npm itself.
23 error Tell the author that this fails on your system:
23 error     electron-packager . SimpleTrader --platform=win32 --arch=ia32 --icon=imgs/SimpleTraderIcon.icns --prune=true --out=release-builds --version-string.CompanyName=Arkd --version-string.FileDescription=CE --version-string.ProductName='SimpleTrader'
23 error You can get information on how to open an issue for this project with:
23 error     npm bugs SimpleTrader
23 error Or if that isn't available, you can get their info via:
23 error     npm owner ls SimpleTrader
23 error There is likely additional logging output above.
24 verbose exit [ 1, true ]
